<?xml version="1.0" encoding="utf-8"?><testsuites name="pytest tests"><testsuite name="pytest" errors="0" failures="0" skipped="0" tests="26" time="3.724" timestamp="2026-06-18T03:08:17.656946+00:00" hostname="agent-env-2bd34979-083c-48ed-8ae6-e6b937a8ec5c"><testcase classname="backend.tests.test_inventory_api.TestAuth" name="test_auth_me_with_bearer" time="0.355" /><testcase classname="backend.tests.test_inventory_api.TestAuth" name="test_auth_me_unauth" time="0.181" /><testcase classname="backend.tests.test_inventory_api.TestSeed" name="test_seed_endpoint" time="0.072" /><testcase classname="backend.tests.test_inventory_api.TestItems" name="test_list_items" time="0.057" /><testcase classname="backend.tests.test_inventory_api.TestItems" name="test_create_update_duplicate_item" time="0.174" /><testcase classname="backend.tests.test_inventory_api.TestItems" name="test_stock_card" time="0.061" /><testcase classname="backend.tests.test_inventory_api.TestIncoming" name="test_incoming_creates_stok_and_movement" time="0.253" /><testcase classname="backend.tests.test_inventory_api.TestIncoming" name="test_list_incoming" time="0.055" /><testcase classname="backend.tests.test_inventory_api.TestSPB" name="test_public_spb_submission" time="0.073" /><testcase classname="backend.tests.test_inventory_api.TestSPB" name="test_list_spb_pending" time="0.058" /><testcase classname="backend.tests.test_inventory_api.TestSPB" name="test_spb_approve_creates_sbbk_and_reduces_stok" time="0.248" /><testcase classname="backend.tests.test_inventory_api.TestSPB" name="test_spb_approve_insufficient_stock" time="0.108" /><testcase classname="backend.tests.test_inventory_api.TestSPB" name="test_spb_reject" time="0.115" /><testcase classname="backend.tests.test_inventory_api.TestAssets" name="test_list_assets" time="0.054" /><testcase classname="backend.tests.test_inventory_api.TestAssets" name="test_create_asset" time="0.052" /><testcase classname="backend.tests.test_inventory_api.TestAssets" name="test_public_get_asset_no_auth" time="0.052" /><testcase classname="backend.tests.test_inventory_api.TestAssets" name="test_update_kondisi" time="0.070" /><testcase classname="backend.tests.test_inventory_api.TestAssets" name="test_invalid_kondisi" time="0.051" /><testcase classname="backend.tests.test_inventory_api.TestAssets" name="test_qr_png" time="0.098" /><testcase classname="backend.tests.test_inventory_api.TestDashboard" name="test_dashboard_stats_shape" time="0.064" /><testcase classname="backend.tests.test_inventory_api.TestReports" name="test_asset_condition_report" time="0.051" /><testcase classname="backend.tests.test_inventory_api.TestReports" name="test_stock_opname_report" time="0.054" /><testcase classname="backend.tests.test_inventory_api.TestUsers" name="test_list_users_admin" time="0.056" /><testcase classname="backend.tests.test_inventory_api.TestUsers" name="test_patch_user_role" time="0.157" /><testcase classname="backend.tests.test_inventory_api.TestUsers" name="test_delete_self_blocked" time="0.105" /><testcase classname="backend.tests.test_inventory_api.TestUpload" name="test_upload_and_serve" time="0.864" /></testsuite></testsuites>